Assembler report for Wi_max_top_wrapper
Wed Feb 27 21:33:40 2019
Quartus Prime Version 16.1.0 Build 196 10/24/2016 SJ Standard Edition


---------------------
; Table of Contents ;
---------------------
  1. Legal Notice
  2. Assembler Summary
  3. Assembler Settings
  4. Assembler Generated Files
  5. Assembler Device Options: E:/asic/output_files/Wi_max_top_wrapper.sof
  6. Assembler Device Options: E:/asic/output_files/Wi_max_top_wrapper.pof
  7. Assembler Messages



----------------
; Legal Notice ;
----------------
Copyright (C) 2016  Intel Corporation. All rights reserved.
Your use of Intel Corporation's design tools, logic functions 
and other software and tools, and its AMPP partner logic 
functions, and any output files from any of the foregoing 
(including device programming or simulation files), and any 
associated documentation or information are expressly subject 
to the terms and conditions of the Intel Program License 
Subscription Agreement, the Intel Quartus Prime License Agreement,
the Intel MegaCore Function License Agreement, or other 
applicable license agreement, including, without limitation, 
that your use is for the sole purpose of programming logic 
devices manufactured by Intel and sold by Intel or its 
authorized distributors.  Please refer to the applicable 
agreement for further details.



+---------------------------------------------------------------+
; Assembler Summary                                             ;
+-----------------------+---------------------------------------+
; Assembler Status      ; Successful - Wed Feb 27 21:33:40 2019 ;
; Revision Name         ; Wi_max_top_wrapper                    ;
; Top-level Entity Name ; Wi_max_top_wrapper                    ;
; Family                ; Cyclone V                             ;
; Device                ; 5CEBA4F23C7                           ;
+-----------------------+---------------------------------------+


+----------------------------------+
; Assembler Settings               ;
+--------+---------+---------------+
; Option ; Setting ; Default Value ;
+--------+---------+---------------+


+---------------------------------------------+
; Assembler Generated Files                   ;
+---------------------------------------------+
; File Name                                   ;
+---------------------------------------------+
; E:/asic/output_files/Wi_max_top_wrapper.sof ;
; E:/asic/output_files/Wi_max_top_wrapper.pof ;
+---------------------------------------------+


+-----------------------------------------------------------------------+
; Assembler Device Options: E:/asic/output_files/Wi_max_top_wrapper.sof ;
+----------------+------------------------------------------------------+
; Option         ; Setting                                              ;
+----------------+------------------------------------------------------+
; Device         ; 5CEBA4F23C7                                          ;
; JTAG usercode  ; 0x0062868B                                           ;
; Checksum       ; 0x0062868B                                           ;
+----------------+------------------------------------------------------+


+-----------------------------------------------------------------------+
; Assembler Device Options: E:/asic/output_files/Wi_max_top_wrapper.pof ;
+--------------------+--------------------------------------------------+
; Option             ; Setting                                          ;
+--------------------+--------------------------------------------------+
; Device             ; EPCS64                                           ;
; JTAG usercode      ; 0x00000000                                       ;
; Checksum           ; 0x748DD8FA                                       ;
; Compression Ratio  ; 3                                                ;
+--------------------+--------------------------------------------------+


+--------------------+
; Assembler Messages ;
+--------------------+
Info: *******************************************************************
Info: Running Quartus Prime Assembler
    Info: Version 16.1.0 Build 196 10/24/2016 SJ Standard Edition
    Info: Processing started: Wed Feb 27 21:32:31 2019
Info: Command: quartus_asm --read_settings_files=off --write_settings_files=off Wi_max_top_wrapper -c Wi_max_top_wrapper
Warning (125092): Tcl Script File platform/V/img_index.qip not found
    Info (125063): set_global_assignment -name QIP_FILE platform/V/img_index.qip
Warning (125092): Tcl Script File platform/V/img_data.qip not found
    Info (125063): set_global_assignment -name QIP_FILE platform/V/img_data.qip
Warning (125092): Tcl Script File platform/V/vga_pll.qip not found
    Info (125063): set_global_assignment -name QIP_FILE platform/V/vga_pll.qip
Warning (125092): Tcl Script File V/vga_pll.sip not found
    Info (125063): set_global_assignment -name SIP_FILE V/vga_pll.sip
Warning (18236): Number of processors has not been specified which may cause overloading on shared machines.  Set the global assignment NUM_PARALLEL_PROCESSORS in your QSF to an appropriate value for best performance.
Info (115030): Assembler is generating device programming files
Info: Quartus Prime Assembler was successful. 0 errors, 5 warnings
    Info: Peak virtual memory: 692 megabytes
    Info: Processing ended: Wed Feb 27 21:33:41 2019
    Info: Elapsed time: 00:01:10
    Info: Total CPU time (on all processors): 00:00:06


