Flow report for Wi_max_top_wrapper
Wed Feb 27 21:34:34 2019
Quartus Prime Version 16.1.0 Build 196 10/24/2016 SJ Standard Edition


---------------------
; Table of Contents ;
---------------------
  1. Legal Notice
  2. Flow Summary
  3. Flow Settings
  4. Flow Non-Default Global Settings
  5. Flow Elapsed Time
  6. Flow OS Summary
  7. Flow Log
  8. Flow Messages
  9. Flow Suppressed Messages



----------------
; Legal Notice ;
----------------
Copyright (C) 2016  Intel Corporation. All rights reserved.
Your use of Intel Corporation's design tools, logic functions 
and other software and tools, and its AMPP partner logic 
functions, and any output files from any of the foregoing 
(including device programming or simulation files), and any 
associated documentation or information are expressly subject 
to the terms and conditions of the Intel Program License 
Subscription Agreement, the Intel Quartus Prime License Agreement,
the Intel MegaCore Function License Agreement, or other 
applicable license agreement, including, without limitation, 
that your use is for the sole purpose of programming logic 
devices manufactured by Intel and sold by Intel or its 
authorized distributors.  Please refer to the applicable 
agreement for further details.



+-----------------------------------------------------------------------------------+
; Flow Summary                                                                      ;
+---------------------------------+-------------------------------------------------+
; Flow Status                     ; Successful - Wed Feb 27 21:34:34 2019           ;
; Quartus Prime Version           ; 16.1.0 Build 196 10/24/2016 SJ Standard Edition ;
; Revision Name                   ; Wi_max_top_wrapper                              ;
; Top-level Entity Name           ; Wi_max_top_wrapper                              ;
; Family                          ; Cyclone V                                       ;
; Device                          ; 5CEBA4F23C7                                     ;
; Timing Models                   ; Final                                           ;
; Logic utilization (in ALMs)     ; 711 / 18,480 ( 4 % )                            ;
; Total registers                 ; 970                                             ;
; Total pins                      ; 4 / 224 ( 2 % )                                 ;
; Total virtual pins              ; 0                                               ;
; Total block memory bits         ; 0 / 3,153,920 ( 0 % )                           ;
; Total DSP Blocks                ; 0 / 66 ( 0 % )                                  ;
; Total HSSI RX PCSs              ; 0                                               ;
; Total HSSI PMA RX Deserializers ; 0                                               ;
; Total HSSI TX PCSs              ; 0                                               ;
; Total HSSI PMA TX Serializers   ; 0                                               ;
; Total PLLs                      ; 1 / 4 ( 25 % )                                  ;
; Total DLLs                      ; 0 / 4 ( 0 % )                                   ;
+---------------------------------+-------------------------------------------------+


+-----------------------------------------+
; Flow Settings                           ;
+-------------------+---------------------+
; Option            ; Setting             ;
+-------------------+---------------------+
; Start date & time ; 02/27/2019 21:31:17 ;
; Main task         ; Compilation         ;
; Revision Name     ; Wi_max_top_wrapper  ;
+-------------------+---------------------+


+-----------------------------------------------------------------------------------------------------------------------------+
; Flow Non-Default Global Settings                                                                                            ;
+-------------------------------------+----------------------------------------+---------------+-------------+----------------+
; Assignment Name                     ; Value                                  ; Default Value ; Entity Name ; Section Id     ;
+-------------------------------------+----------------------------------------+---------------+-------------+----------------+
; COMPILER_SIGNATURE_ID               ; 203178706562021.155129587606552        ; --            ; --          ; --             ;
; EDA_OUTPUT_DATA_FORMAT              ; Vhdl                                   ; --            ; --          ; eda_simulation ;
; EDA_SIMULATION_TOOL                 ; ModelSim-Altera (VHDL)                 ; <None>        ; --          ; --             ;
; EDA_TIME_SCALE                      ; 1 ps                                   ; --            ; --          ; eda_simulation ;
; FITTER_EFFORT                       ; Standard Fit                           ; Auto Fit      ; --          ; --             ;
; MAX_CORE_JUNCTION_TEMP              ; 85                                     ; --            ; --          ; --             ;
; MIN_CORE_JUNCTION_TEMP              ; 0                                      ; --            ; --          ; --             ;
; MISC_FILE                           ; Clock_100MHz.cmp                       ; --            ; --          ; --             ;
; MISC_FILE                           ; Clock_100MHz_sim/Clock_100MHz.vho      ; --            ; --          ; --             ;
; OPTIMIZATION_TECHNIQUE              ; Speed                                  ; Balanced      ; --          ; --             ;
; OUTPUT_IO_TIMING_FAR_END_VMEAS      ; Half Signal Swing                      ; --            ; --          ; --             ;
; OUTPUT_IO_TIMING_FAR_END_VMEAS      ; Half Signal Swing                      ; --            ; --          ; --             ;
; OUTPUT_IO_TIMING_NEAR_END_VMEAS     ; Half Vccio                             ; --            ; --          ; --             ;
; OUTPUT_IO_TIMING_NEAR_END_VMEAS     ; Half Vccio                             ; --            ; --          ; --             ;
; PARTITION_COLOR                     ; -- (Not supported for targeted family) ; --            ; --          ; Top            ;
; PARTITION_FITTER_PRESERVATION_LEVEL ; -- (Not supported for targeted family) ; --            ; --          ; Top            ;
; PARTITION_NETLIST_TYPE              ; -- (Not supported for targeted family) ; --            ; --          ; Top            ;
; POWER_BOARD_THERMAL_MODEL           ; None (CONSERVATIVE)                    ; --            ; --          ; --             ;
; POWER_PRESET_COOLING_SOLUTION       ; 23 MM HEAT SINK WITH 200 LFPM AIRFLOW  ; --            ; --          ; --             ;
; PROJECT_OUTPUT_DIRECTORY            ; output_files                           ; --            ; --          ; --             ;
; SPD_FILE                            ; Clock_100MHz.spd                       ; --            ; --          ; --             ;
; SYNTHESIS_ONLY_QIP                  ; On                                     ; --            ; --          ; --             ;
+-------------------------------------+----------------------------------------+---------------+-------------+----------------+


+-------------------------------------------------------------------------------------------------------------------------------+
; Flow Elapsed Time                                                                                                             ;
+---------------------------+--------------+-------------------------+---------------------+------------------------------------+
; Module Name               ; Elapsed Time ; Average Processors Used ; Peak Virtual Memory ; Total CPU Time (on all processors) ;
+---------------------------+--------------+-------------------------+---------------------+------------------------------------+
; Analysis & Synthesis      ; 00:00:24     ; 1.0                     ; 729 MB              ; 00:00:27                           ;
; Partition Merge           ; 00:00:06     ; 1.0                     ; 715 MB              ; 00:00:02                           ;
; Fitter                    ; 00:00:26     ; 1.0                     ; 2025 MB             ; 00:00:26                           ;
; Assembler                 ; 00:01:09     ; 1.0                     ; 692 MB              ; 00:00:05                           ;
; TimeQuest Timing Analyzer ; 00:00:25     ; 1.2                     ; 957 MB              ; 00:00:14                           ;
; EDA Netlist Writer        ; 00:00:16     ; 1.0                     ; 666 MB              ; 00:00:02                           ;
; Total                     ; 00:02:46     ; --                      ; --                  ; 00:01:16                           ;
+---------------------------+--------------+-------------------------+---------------------+------------------------------------+


+----------------------------------------------------------------------------------------+
; Flow OS Summary                                                                        ;
+---------------------------+------------------+-----------+------------+----------------+
; Module Name               ; Machine Hostname ; OS Name   ; OS Version ; Processor type ;
+---------------------------+------------------+-----------+------------+----------------+
; Analysis & Synthesis      ; ELC-P07-2087-08  ; Windows 7 ; 6.1        ; x86_64         ;
; Partition Merge           ; ELC-P07-2087-08  ; Windows 7 ; 6.1        ; x86_64         ;
; Fitter                    ; ELC-P07-2087-08  ; Windows 7 ; 6.1        ; x86_64         ;
; Assembler                 ; ELC-P07-2087-08  ; Windows 7 ; 6.1        ; x86_64         ;
; TimeQuest Timing Analyzer ; ELC-P07-2087-08  ; Windows 7 ; 6.1        ; x86_64         ;
; EDA Netlist Writer        ; ELC-P07-2087-08  ; Windows 7 ; 6.1        ; x86_64         ;
+---------------------------+------------------+-----------+------------+----------------+


------------
; Flow Log ;
------------
quartus_map --read_settings_files=on --write_settings_files=off Wi_max_top_wrapper -c Wi_max_top_wrapper --recompile=on
quartus_cdb --read_settings_files=on --write_settings_files=off Wi_max_top_wrapper -c Wi_max_top_wrapper --merge=on --recompile=on
quartus_fit --read_settings_files=off --write_settings_files=off Wi_max_top_wrapper -c Wi_max_top_wrapper --recompile=on
quartus_asm --read_settings_files=off --write_settings_files=off Wi_max_top_wrapper -c Wi_max_top_wrapper
quartus_sta Wi_max_top_wrapper -c Wi_max_top_wrapper
quartus_eda --read_settings_files=off --write_settings_files=off Wi_max_top_wrapper -c Wi_max_top_wrapper



